Unity/launcher/build/intermediates/manifest_merge_blame_file/debug/manifest-merger-blame-debug-report.txt
1<?xml version="1.0" encoding="utf-8"?>
2<!-- GENERATED BY UNITY. REMOVE THIS COMMENT TO PREVENT OVERWRITING WHEN EXPORTING AGAIN -->
3<manifest xmlns:android="http://schemas.android.com/apk/res/android"
4    xmlns:tools="http://schemas.android.com/tools"
5    package="com.Demo.AstarPlatformPathfinding"
6    android:installLocation="preferExternal"
7    android:versionCode="1"
8    android:versionName="1.0" >
9
10    <uses-sdk
11        android:minSdkVersion="19"
11-->src\main\AndroidManifest.xml
12        android:targetSdkVersion="28" />
12-->src\main\AndroidManifest.xml
13
14    <supports-screens
14-->src\main\AndroidManifest.xml:4:3-163
15        android:anyDensity="true"
15-->src\main\AndroidManifest.xml:4:135-160
16        android:largeScreens="true"
16-->src\main\AndroidManifest.xml:4:78-105
17        android:normalScreens="true"
17-->src\main\AndroidManifest.xml:4:49-77
18        android:smallScreens="true"
18-->src\main\AndroidManifest.xml:4:21-48
19        android:xlargeScreens="true" />
19-->src\main\AndroidManifest.xml:4:106-134
20
21    <application
21-->src\main\AndroidManifest.xml:5:3-121
22        android:banner="@drawable/app_banner"
22-->src\main\AndroidManifest.xml:5:81-118
23        android:icon="@mipmap/app_icon"
23-->src\main\AndroidManifest.xml:5:49-80
24        android:label="@string/app_name" />
24-->src\main\AndroidManifest.xml:5:16-48
25
26</manifest>